<?xml version="1.0" encoding="UTF-8"?>
<!-- Generated by org.testng.reporters.JUnitXMLReporter -->
<testsuite ignored="0" hostname="DESKTOP-FR5L3IP" failures="1" tests="3" name="Itunes Search API Functional Test" time="4.504" errors="0" timestamp="2023-08-09T14:16:00 IST">
  <testcase classname="api.test.GoRightsFunctionalTests" name="test_001_get_search_single_param" time="3.557"/>
  <testcase classname="api.test.GoRightsFunctionalTests" name="test_002_get_search_limit_param" time="0.153"/>
  <testcase classname="api.test.GoRightsFunctionalTests" name="test_003_get_search_rspheaders_validation" time="0.163">
    <failure type="java.lang.AssertionError" message="Headercount change expected [30] but found [28]">
      <![CDATA[java.lang.AssertionError: Headercount change expected [30] but found [28]
at api.test.GoRightsFunctionalTests.test_003_get_search_rspheaders_validation(GoRightsFunctionalTests.java:166)
at java.base/java.util.ArrayList.forEach(ArrayList.java:1511)
... Removed 33 stack frames]]>
    </failure>
  </testcase> <!-- test_003_get_search_rspheaders_validation -->
</testsuite> <!-- Itunes Search API Functional Test -->
